j:\onedrive\projekty\programování\cpp\thebattleofthetwoarmies\thebattleofthetwoarmies\release\vc140.pdb
j:\onedrive\projekty\programování\cpp\thebattleofthetwoarmies\thebattleofthetwoarmies\release\unit.obj
j:\onedrive\projekty\programování\cpp\thebattleofthetwoarmies\thebattleofthetwoarmies\release\staticentity.obj
j:\onedrive\projekty\programování\cpp\thebattleofthetwoarmies\thebattleofthetwoarmies\release\settings.obj
j:\onedrive\projekty\programování\cpp\thebattleofthetwoarmies\thebattleofthetwoarmies\release\rotateanimation.obj
j:\onedrive\projekty\programování\cpp\thebattleofthetwoarmies\thebattleofthetwoarmies\release\rangedunit.obj
j:\onedrive\projekty\programování\cpp\thebattleofthetwoarmies\thebattleofthetwoarmies\release\player.obj
j:\onedrive\projekty\programování\cpp\thebattleofthetwoarmies\thebattleofthetwoarmies\release\movingentity.obj
j:\onedrive\projekty\programování\cpp\thebattleofthetwoarmies\thebattleofthetwoarmies\release\map.obj
j:\onedrive\projekty\programování\cpp\thebattleofthetwoarmies\thebattleofthetwoarmies\release\main.obj
j:\onedrive\projekty\programování\cpp\thebattleofthetwoarmies\thebattleofthetwoarmies\release\game.obj
j:\onedrive\projekty\programování\cpp\thebattleofthetwoarmies\thebattleofthetwoarmies\release\entity.obj
j:\onedrive\projekty\programování\cpp\thebattleofthetwoarmies\thebattleofthetwoarmies\release\displaycontroller.obj
j:\onedrive\projekty\programování\cpp\thebattleofthetwoarmies\thebattleofthetwoarmies\release\moveanimation.obj
j:\onedrive\projekty\programování\cpp\thebattleofthetwoarmies\thebattleofthetwoarmies\release\meleeunit.obj
j:\onedrive\projekty\programování\cpp\thebattleofthetwoarmies\thebattleofthetwoarmies\release\animation.obj
j:\onedrive\projekty\programování\cpp\thebattleofthetwoarmies\release\thebattleofthetwoarmies.exe
j:\onedrive\projekty\programování\cpp\thebattleofthetwoarmies\release\thebattleofthetwoarmies.ipdb
j:\onedrive\projekty\programování\cpp\thebattleofthetwoarmies\release\thebattleofthetwoarmies.iobj
j:\onedrive\projekty\programování\cpp\thebattleofthetwoarmies\release\thebattleofthetwoarmies.pdb
d:\onedrive\projekty\programování\cpp\thebattleofthetwoarmies\thebattleofthetwoarmies\release\animation.obj
d:\onedrive\projekty\programování\cpp\thebattleofthetwoarmies\thebattleofthetwoarmies\release\displaycontroller.obj
d:\onedrive\projekty\programování\cpp\thebattleofthetwoarmies\thebattleofthetwoarmies\release\entity.obj
d:\onedrive\projekty\programování\cpp\thebattleofthetwoarmies\thebattleofthetwoarmies\release\game.obj
d:\onedrive\projekty\programování\cpp\thebattleofthetwoarmies\thebattleofthetwoarmies\release\main.obj
d:\onedrive\projekty\programování\cpp\thebattleofthetwoarmies\thebattleofthetwoarmies\release\map.obj
d:\onedrive\projekty\programování\cpp\thebattleofthetwoarmies\thebattleofthetwoarmies\release\meleeunit.obj
d:\onedrive\projekty\programování\cpp\thebattleofthetwoarmies\thebattleofthetwoarmies\release\moveanimation.obj
d:\onedrive\projekty\programování\cpp\thebattleofthetwoarmies\thebattleofthetwoarmies\release\movingentity.obj
d:\onedrive\projekty\programování\cpp\thebattleofthetwoarmies\thebattleofthetwoarmies\release\player.obj
d:\onedrive\projekty\programování\cpp\thebattleofthetwoarmies\thebattleofthetwoarmies\release\rangedunit.obj
d:\onedrive\projekty\programování\cpp\thebattleofthetwoarmies\thebattleofthetwoarmies\release\rotateanimation.obj
d:\onedrive\projekty\programování\cpp\thebattleofthetwoarmies\thebattleofthetwoarmies\release\settings.obj
d:\onedrive\projekty\programování\cpp\thebattleofthetwoarmies\thebattleofthetwoarmies\release\staticentity.obj
d:\onedrive\projekty\programování\cpp\thebattleofthetwoarmies\thebattleofthetwoarmies\release\unit.obj
d:\onedrive\projekty\programování\cpp\thebattleofthetwoarmies\thebattleofthetwoarmies\release\vc140.pdb
d:\onedrive\projekty\programování\cpp\thebattleofthetwoarmies\release\thebattleofthetwoarmies.exe
d:\onedrive\projekty\programování\cpp\thebattleofthetwoarmies\thebattleofthetwoarmies\release\thebattl.ebafa0c4.tlog\cl.command.1.tlog
d:\onedrive\projekty\programování\cpp\thebattleofthetwoarmies\thebattleofthetwoarmies\release\thebattl.ebafa0c4.tlog\cl.read.1.tlog
d:\onedrive\projekty\programování\cpp\thebattleofthetwoarmies\thebattleofthetwoarmies\release\thebattl.ebafa0c4.tlog\cl.write.1.tlog
d:\onedrive\projekty\programování\cpp\thebattleofthetwoarmies\thebattleofthetwoarmies\release\thebattl.ebafa0c4.tlog\link.command.1.tlog
d:\onedrive\projekty\programování\cpp\thebattleofthetwoarmies\thebattleofthetwoarmies\release\thebattl.ebafa0c4.tlog\link.read.1.tlog
d:\onedrive\projekty\programování\cpp\thebattleofthetwoarmies\thebattleofthetwoarmies\release\thebattl.ebafa0c4.tlog\link.write.1.tlog
